TN:
SF:src\adapters\boe\client.ts
FN:24,buildBoeUrl
FN:38,fetchBoeCsv
FN:95,isoToIadbDate
FN:106,toDdMmmYyyy
FNF:4
FNH:4
FNDA:3,buildBoeUrl
FNDA:2,fetchBoeCsv
FNDA:6,isoToIadbDate
FNDA:4,toDdMmmYyyy
DA:1,1
DA:13,1
DA:24,1
DA:25,3
DA:26,3
DA:27,3
DA:28,3
DA:29,3
DA:30,3
DA:31,3
DA:32,3
DA:33,3
DA:34,3
DA:35,3
DA:36,3
DA:38,2
DA:39,2
DA:40,2
DA:41,2
DA:42,2
DA:43,2
DA:44,0
DA:45,0
DA:47,2
DA:48,2
DA:49,2
DA:50,2
DA:51,2
DA:52,2
DA:53,2
DA:54,2
DA:55,0
DA:56,0
DA:57,0
DA:58,0
DA:59,0
DA:60,0
DA:61,0
DA:62,0
DA:64,2
DA:65,1
DA:66,1
DA:67,1
DA:68,1
DA:69,1
DA:70,1
DA:71,1
DA:73,1
DA:74,2
DA:75,0
DA:76,0
DA:77,0
DA:78,0
DA:79,0
DA:80,0
DA:81,0
DA:83,1
DA:84,2
DA:85,5
DA:86,5
DA:87,5
DA:88,5
DA:89,5
DA:90,5
DA:92,1
DA:93,1
DA:95,6
DA:96,6
DA:97,2
DA:98,2
DA:99,2
DA:100,6
DA:101,2
DA:102,6
DA:103,2
DA:104,2
DA:106,4
DA:107,4
DA:108,4
DA:109,4
DA:110,4
DA:111,4
DA:112,4
LF:83
LH:66
BRDA:24,0,0,3
BRDA:27,1,0,2
BRDA:28,2,0,2
BRDA:38,3,0,2
BRDA:43,4,0,0
BRDA:54,5,0,0
BRDA:64,6,0,1
BRDA:74,7,0,0
BRDA:81,8,0,1
BRDA:84,9,0,5
BRDA:85,10,0,0
BRDA:86,11,0,0
BRDA:87,12,0,0
BRDA:88,13,0,0
BRDA:90,14,0,1
BRDA:95,15,0,6
BRDA:96,16,0,2
BRDA:99,17,0,4
BRDA:100,18,0,2
BRDA:102,19,0,0
BRDA:102,20,0,2
BRDA:106,21,0,4
BRDA:109,22,0,0
BRF:23
BRH:14
end_of_record
TN:
SF:src\adapters\boe\index.ts
FN:1,(empty-report)
FNF:1
FNH:0
FNDA:0,(empty-report)
DA:1,0
LF:1
LH:0
BRDA:1,0,0,0
BRF:1
BRH:0
end_of_record
TN:
SF:src\adapters\boe\schemas.ts
FN:1,(empty-report)
FNF:1
FNH:0
FNDA:0,(empty-report)
DA:1,0
DA:10,0
DA:11,0
DA:12,0
DA:13,0
LF:5
LH:0
BRDA:1,0,0,0
BRF:1
BRH:0
end_of_record
TN:
SF:src\adapters\boe\series\bank-rate.ts
FN:20,fetchBoeBankRate
FN:63,parseIadbDate
FN:88,parseIadbValue
FNF:3
FNH:3
FNDA:2,fetchBoeBankRate
FNDA:11,parseIadbDate
FNDA:11,parseIadbValue
DA:1,1
DA:10,1
DA:11,1
DA:12,1
DA:13,1
DA:20,2
DA:21,2
DA:22,2
DA:23,2
DA:24,2
DA:25,2
DA:26,2
DA:27,2
DA:28,2
DA:29,1
DA:30,1
DA:32,1
DA:33,1
DA:35,2
DA:36,5
DA:37,5
DA:38,5
DA:39,5
DA:41,3
DA:42,3
DA:43,3
DA:44,3
DA:45,3
DA:46,3
DA:47,3
DA:48,3
DA:49,3
DA:50,3
DA:51,3
DA:52,3
DA:53,3
DA:54,3
DA:55,3
DA:57,1
DA:58,1
DA:63,1
DA:64,11
DA:65,11
DA:66,9
DA:67,11
DA:68,11
DA:69,11
DA:70,11
DA:71,11
DA:72,11
DA:73,11
DA:74,11
DA:75,11
DA:76,11
DA:77,11
DA:78,11
DA:79,11
DA:80,11
DA:81,11
DA:82,11
DA:83,11
DA:84,11
DA:85,8
DA:86,8
DA:88,1
DA:89,11
DA:90,11
DA:91,6
DA:92,11
DA:93,11
LF:70
LH:70
BRDA:20,0,0,2
BRDA:25,1,0,0
BRDA:26,2,0,0
BRDA:28,3,0,1
BRDA:35,4,0,5
BRDA:37,5,0,0
BRDA:39,6,0,2
BRDA:39,7,0,3
BRDA:55,8,0,1
BRDA:63,9,0,11
BRDA:65,10,0,2
BRDA:65,11,0,9
BRDA:67,12,0,0
BRDA:84,13,0,8
BRDA:84,14,0,8
BRDA:84,15,0,1
BRDA:84,16,0,8
BRDA:88,17,0,11
BRDA:90,18,0,9
BRDA:90,19,0,7
BRDA:90,20,0,5
BRDA:90,21,0,6
BRDA:92,22,0,5
BRDA:92,23,0,1
BRF:24
BRH:20
end_of_record
TN:
SF:src\adapters\govuk\client.ts
FN:28,buildGovukUrl
FN:42,fetchGovukSearch
FN:65,describeZodError
FNF:3
FNH:3
FNDA:5,buildGovukUrl
FNDA:4,fetchGovukSearch
FNDA:1,describeZodError
DA:1,1
DA:15,1
DA:28,1
DA:29,5
DA:30,5
DA:31,5
DA:32,3
DA:33,3
DA:34,5
DA:35,3
DA:36,3
DA:37,5
DA:38,5
DA:39,5
DA:40,5
DA:42,4
DA:43,4
DA:44,4
DA:45,4
DA:46,4
DA:47,4
DA:48,1
DA:49,1
DA:51,3
DA:52,4
DA:53,1
DA:54,1
DA:55,1
DA:56,1
DA:57,1
DA:58,1
DA:59,1
DA:60,1
DA:62,2
DA:63,2
DA:65,1
DA:66,1
DA:67,1
DA:68,1
DA:69,1
DA:70,1
LF:41
LH:41
BRDA:28,0,0,5
BRDA:31,1,0,2
BRDA:31,2,0,3
BRDA:34,3,0,3
BRDA:38,4,0,1
BRDA:42,5,0,4
BRDA:47,6,0,1
BRDA:49,7,0,3
BRDA:52,8,0,1
BRDA:60,9,0,2
BRDA:65,10,0,1
BRDA:68,11,0,2
BRDA:68,12,0,0
BRF:13
BRH:12
end_of_record
TN:
SF:src\adapters\govuk\index.ts
FN:1,(empty-report)
FNF:1
FNH:0
FNDA:0,(empty-report)
DA:1,0
LF:1
LH:0
BRDA:1,0,0,0
BRF:1
BRH:0
end_of_record
TN:
SF:src\adapters\govuk\schemas.ts
FNF:0
FNH:0
DA:1,1
DA:9,1
DA:10,1
DA:11,1
DA:12,1
DA:13,1
DA:15,1
DA:16,1
DA:17,1
DA:18,1
LF:10
LH:10
BRF:0
BRH:0
end_of_record
TN:
SF:src\adapters\govuk\series\tax-policy.ts
FN:21,fetchGovukTaxPolicy
FNF:1
FNH:1
FNDA:2,fetchGovukTaxPolicy
DA:1,1
DA:11,1
DA:12,1
DA:13,1
DA:14,1
DA:21,2
DA:22,2
DA:23,2
DA:24,2
DA:25,2
DA:26,2
DA:27,2
DA:28,2
DA:29,2
DA:30,2
DA:31,1
DA:32,1
DA:34,1
DA:35,1
DA:36,1
DA:37,1
DA:38,1
DA:40,1
DA:41,1
DA:42,1
DA:43,1
DA:44,1
DA:45,1
DA:46,1
DA:47,1
DA:48,1
DA:49,1
DA:50,1
DA:51,1
DA:52,1
DA:53,2
DA:54,2
DA:56,2
DA:57,2
LF:39
LH:39
BRDA:21,0,0,2
BRDA:30,1,0,1
BRDA:53,2,0,0
BRDA:37,3,0,3
BRF:4
BRH:3
end_of_record
TN:
SF:src\adapters\ons\client.ts
FN:21,buildOnsUrl
FN:31,fetchOnsTimeseries
FN:54,describeZodError
FNF:3
FNH:3
FNDA:8,buildOnsUrl
FNDA:4,fetchOnsTimeseries
FNDA:1,describeZodError
DA:1,1
DA:12,1
DA:21,1
DA:25,8
DA:26,8
DA:27,8
DA:28,8
DA:29,8
DA:31,4
DA:32,4
DA:33,4
DA:34,4
DA:35,4
DA:36,4
DA:37,1
DA:38,1
DA:40,3
DA:41,4
DA:42,1
DA:43,1
DA:44,1
DA:45,1
DA:46,1
DA:47,1
DA:48,1
DA:49,1
DA:51,2
DA:52,2
DA:54,1
DA:55,1
DA:56,1
DA:57,1
DA:58,1
DA:59,1
LF:34
LH:34
BRDA:21,0,0,8
BRDA:31,1,0,4
BRDA:36,2,0,1
BRDA:38,3,0,3
BRDA:41,4,0,1
BRDA:49,5,0,2
BRDA:54,6,0,1
BRDA:57,7,0,1
BRDA:57,8,0,0
BRF:9
BRH:8
end_of_record
TN:
SF:src\adapters\ons\index.ts
FN:1,(empty-report)
FNF:1
FNH:0
FNDA:0,(empty-report)
DA:1,0
LF:1
LH:0
BRDA:1,0,0,0
BRF:1
BRH:0
end_of_record
TN:
SF:src\adapters\ons\schemas.ts
FNF:0
FNH:0
DA:1,1
DA:10,1
DA:11,1
DA:12,1
DA:13,1
DA:15,1
DA:16,1
DA:17,1
DA:18,1
DA:19,1
DA:20,1
DA:21,1
DA:22,1
DA:23,1
DA:24,1
DA:25,1
DA:26,1
LF:17
LH:17
BRF:0
BRH:0
end_of_record
TN:
SF:src\adapters\ons\series\cpi.ts
FN:26,fetchOnsCpi
FN:70,parseMonthDate
FN:98,parseOnsValue
FNF:3
FNH:3
FNDA:4,fetchOnsCpi
FNDA:16,parseMonthDate
FNDA:11,parseOnsValue
DA:1,1
DA:13,1
DA:14,1
DA:15,1
DA:16,1
DA:17,1
DA:26,4
DA:27,4
DA:28,4
DA:29,4
DA:30,4
DA:31,2
DA:32,2
DA:34,2
DA:35,4
DA:36,4
DA:38,4
DA:39,10
DA:40,10
DA:41,10
DA:42,10
DA:44,6
DA:45,6
DA:47,4
DA:48,4
DA:49,4
DA:50,4
DA:51,4
DA:52,4
DA:53,4
DA:54,4
DA:55,4
DA:56,4
DA:57,4
DA:58,4
DA:59,4
DA:60,4
DA:61,4
DA:63,2
DA:64,2
DA:70,1
DA:71,16
DA:72,16
DA:73,11
DA:74,16
DA:75,16
DA:76,16
DA:77,16
DA:78,16
DA:79,16
DA:80,16
DA:81,16
DA:82,16
DA:83,16
DA:84,16
DA:85,16
DA:86,16
DA:87,16
DA:88,16
DA:89,16
DA:90,16
DA:91,10
DA:92,10
DA:93,10
DA:98,1
DA:99,11
DA:100,11
DA:101,7
DA:102,11
DA:103,11
LF:70
LH:70
BRDA:26,0,0,4
BRDA:30,1,0,2
BRDA:35,2,0,0
BRDA:38,3,0,10
BRDA:40,4,0,2
BRDA:40,5,0,8
BRDA:41,6,0,4
BRDA:41,7,0,1
BRDA:41,8,0,7
BRDA:42,9,0,3
BRDA:42,10,0,1
BRDA:42,11,0,6
BRDA:45,12,0,2
BRDA:45,13,0,4
BRDA:61,14,0,2
BRDA:70,15,0,16
BRDA:72,16,0,5
BRDA:72,17,0,11
BRDA:74,18,0,0
BRDA:90,19,0,10
BRDA:90,20,0,1
BRDA:90,21,0,10
BRDA:98,22,0,11
BRDA:100,23,0,8
BRDA:100,24,0,4
BRDA:100,25,0,7
BRDA:102,26,0,6
BRDA:102,27,0,1
BRF:28
BRH:26
end_of_record
TN:
SF:src\common\http.ts
FN:38,limiterFor
FN:51,userAgent
FN:55,sleep
FN:61,fetchJson
FN:68,fetchText
FN:75,fetchWith
FN:92,run
FNF:7
FNH:7
FNDA:15,limiterFor
FNDA:19,userAgent
FNDA:4,sleep
FNDA:13,fetchJson
FNDA:3,fetchText
FNDA:16,fetchWith
FNDA:15,run
DA:1,1
DA:32,1
DA:33,1
DA:34,1
DA:36,1
DA:38,15
DA:39,15
DA:40,15
DA:41,4
DA:42,1
DA:43,4
DA:44,3
DA:45,3
DA:46,4
DA:47,4
DA:48,15
DA:49,15
DA:51,19
DA:52,19
DA:53,19
DA:55,4
DA:56,4
DA:57,4
DA:58,4
DA:59,4
DA:61,13
DA:62,13
DA:63,13
DA:64,13
DA:65,13
DA:66,13
DA:68,3
DA:69,3
DA:70,3
DA:71,3
DA:72,3
DA:73,3
DA:75,16
DA:76,16
DA:77,16
DA:78,16
DA:79,16
DA:80,16
DA:81,16
DA:82,16
DA:83,16
DA:84,16
DA:85,1
DA:86,1
DA:87,1
DA:88,1
DA:89,1
DA:90,15
DA:92,15
DA:93,15
DA:94,15
DA:95,19
DA:96,19
DA:97,19
DA:98,19
DA:99,19
DA:100,19
DA:101,19
DA:102,19
DA:103,19
DA:104,19
DA:105,19
DA:107,19
DA:108,0
DA:109,0
DA:110,0
DA:111,0
DA:112,0
DA:113,0
DA:114,19
DA:115,2
DA:116,2
DA:117,2
DA:118,2
DA:119,2
DA:120,2
DA:121,2
DA:122,2
DA:123,2
DA:124,19
DA:125,6
DA:126,6
DA:127,6
DA:128,6
DA:129,6
DA:130,6
DA:131,17
DA:132,1
DA:133,1
DA:134,1
DA:135,1
DA:136,1
DA:137,1
DA:138,1
DA:139,1
DA:140,1
DA:141,11
DA:142,10
DA:143,10
DA:144,7
DA:145,3
DA:146,3
DA:147,3
DA:148,3
DA:149,3
DA:150,3
DA:151,3
DA:152,19
DA:153,0
DA:154,0
DA:155,0
DA:156,0
DA:157,0
DA:158,0
DA:159,0
DA:160,0
DA:162,13
DA:163,4
DA:164,4
DA:165,4
DA:166,19
DA:168,2
DA:169,2
DA:170,9
DA:171,0
DA:172,0
DA:173,0
DA:174,0
DA:175,0
DA:176,15
DA:177,15
DA:179,15
DA:180,15
LF:138
LH:119
BRDA:38,0,0,15
BRDA:40,1,0,4
BRDA:41,2,0,1
BRDA:43,3,0,3
BRDA:51,4,0,19
BRDA:55,5,0,4
BRDA:56,6,0,4
BRDA:61,7,0,13
BRDA:68,8,0,3
BRDA:75,9,0,16
BRDA:80,10,0,15
BRDA:84,11,0,1
BRDA:89,12,0,15
BRDA:92,13,0,15
BRDA:94,14,0,19
BRDA:101,15,0,16
BRDA:101,16,0,3
BRDA:104,17,0,0
BRDA:107,18,0,0
BRDA:114,19,0,2
BRDA:124,20,0,17
BRDA:124,21,0,6
BRDA:131,22,0,11
BRDA:131,23,0,1
BRDA:141,24,0,10
BRDA:143,25,0,9
BRDA:143,26,0,7
BRDA:144,27,0,3
BRDA:145,28,0,3
BRDA:152,29,0,13
BRDA:152,30,0,0
BRDA:160,31,0,6
BRDA:162,32,0,4
BRDA:166,33,0,9
BRDA:166,34,0,2
BRDA:170,35,0,0
BRF:36
BRH:32
end_of_record
TN:
SF:src\common\provenance.ts
FN:8,hashPayload
FNF:1
FNH:1
FNDA:7,hashPayload
DA:1,1
DA:8,1
DA:9,7
DA:10,7
DA:11,5
DA:12,7
DA:13,1
DA:14,1
DA:15,1
DA:16,1
DA:17,7
DA:18,7
LF:12
LH:12
BRDA:8,0,0,7
BRDA:10,1,0,5
BRDA:12,2,0,2
BRDA:12,3,0,1
BRF:4
BRH:4
end_of_record
TN:
SF:src\common\types.ts
FN:59,ok
FN:64,err
FNF:2
FNH:2
FNDA:9,ok
FNDA:9,err
DA:59,1
DA:60,9
DA:61,9
DA:64,1
DA:65,9
DA:66,9
LF:6
LH:6
BRDA:59,0,0,9
BRDA:64,1,0,9
BRF:2
BRH:2
end_of_record
TN:
SF:src\pipeline\audit.ts
FN:18,writeAudit
FNF:1
FNH:1
FNDA:2,writeAudit
DA:18,2
DA:19,2
DA:20,2
DA:21,2
DA:22,2
DA:23,2
DA:24,2
DA:25,2
DA:26,2
DA:27,2
DA:28,2
DA:29,1
DA:30,1
DA:31,2
LF:14
LH:14
BRDA:18,0,0,2
BRDA:23,1,0,1
BRDA:24,2,0,1
BRDA:25,3,0,1
BRDA:28,4,0,1
BRF:5
BRH:5
end_of_record
TN:
SF:src\pipeline\writer.ts
FN:24,writeSignals
FN:74,buildRef
FNF:2
FNH:2
FNDA:4,writeSignals
FNDA:6,buildRef
DA:24,4
DA:25,4
DA:26,4
DA:27,4
DA:28,4
DA:29,4
DA:31,4
DA:32,5
DA:33,5
DA:34,1
DA:35,1
DA:36,1
DA:38,4
DA:40,4
DA:41,4
DA:42,4
DA:43,4
DA:44,4
DA:45,4
DA:46,4
DA:47,5
DA:48,1
DA:49,1
DA:50,5
DA:51,1
DA:52,1
DA:53,1
DA:55,2
DA:56,2
DA:57,2
DA:58,2
DA:59,2
DA:60,2
DA:61,2
DA:62,2
DA:63,5
DA:64,5
DA:65,5
DA:66,0
DA:67,0
DA:68,2
DA:69,2
DA:71,3
DA:72,3
DA:74,6
DA:75,6
DA:76,6
LF:47
LH:45
BRDA:24,0,0,4
BRDA:31,1,0,5
BRDA:33,2,0,1
BRDA:36,3,0,4
BRDA:47,4,0,1
BRDA:49,5,0,3
BRDA:50,6,0,1
BRDA:53,7,0,2
BRDA:64,8,0,2
BRDA:65,9,0,0
BRDA:67,10,0,2
BRDA:69,11,0,3
BRDA:74,12,0,6
BRF:13
BRH:12
end_of_record
