TN:
SF:scripts\hpo-cascade-links.ts
FNF:0
FNH:0
DA:25,1
DA:29,1
DA:30,1
DA:31,1
DA:32,1
DA:33,1
DA:34,1
DA:35,1
DA:36,1
DA:37,1
DA:38,1
DA:39,1
DA:40,1
DA:41,1
DA:42,1
DA:43,1
DA:44,1
DA:45,1
DA:46,1
DA:47,1
DA:48,1
DA:49,1
DA:50,1
DA:51,1
DA:52,1
DA:53,1
DA:54,1
DA:55,1
DA:56,1
DA:57,1
DA:58,1
DA:59,1
DA:60,1
DA:61,1
DA:62,1
DA:63,1
DA:64,1
DA:65,1
DA:66,1
DA:67,1
DA:68,1
DA:69,1
DA:70,1
DA:71,1
DA:72,1
DA:73,1
DA:74,1
DA:75,1
DA:76,1
DA:77,1
DA:78,1
DA:79,1
DA:80,1
DA:81,1
DA:82,1
DA:83,1
DA:84,1
DA:85,1
DA:86,1
DA:87,1
DA:88,1
DA:89,1
DA:90,1
DA:91,1
DA:92,1
DA:93,1
DA:94,1
DA:95,1
DA:96,1
DA:97,1
DA:98,1
DA:99,1
DA:100,1
DA:101,1
DA:102,1
DA:103,1
DA:104,1
DA:105,1
DA:106,1
DA:107,1
DA:108,1
DA:109,1
DA:110,1
DA:111,1
DA:112,1
DA:117,1
DA:118,1
DA:119,1
DA:120,1
DA:121,1
DA:122,1
DA:123,1
DA:124,1
DA:125,1
DA:126,1
DA:127,1
DA:128,1
DA:129,1
DA:130,1
DA:131,1
DA:132,1
DA:133,1
DA:134,1
DA:135,1
DA:136,1
DA:137,1
DA:138,1
DA:139,1
DA:140,1
DA:141,1
DA:142,1
DA:143,1
DA:144,1
DA:149,1
DA:150,1
DA:151,1
DA:152,1
DA:153,1
DA:154,1
DA:155,1
DA:156,1
DA:157,1
DA:158,1
DA:159,1
DA:160,1
DA:161,1
DA:162,1
DA:163,1
DA:164,1
DA:165,1
DA:166,1
DA:167,1
DA:168,1
DA:169,1
DA:170,1
LF:135
LH:135
BRF:0
BRH:0
end_of_record
TN:
SF:scripts\hpo-mapping.ts
FN:70,isExternal
FN:75,normaliseLikelihood
FN:84,normaliseStatus
FN:90,parseLinkedItems
FN:99,mapRow
FNF:5
FNH:5
FNDA:18,isExternal
FNDA:14,normaliseLikelihood
FNDA:10,normaliseStatus
FNDA:11,parseLinkedItems
FNDA:6,mapRow
DA:1,1
DA:12,1
DA:13,1
DA:19,1
DA:29,1
DA:30,1
DA:31,1
DA:32,1
DA:33,1
DA:34,1
DA:35,1
DA:36,1
DA:37,1
DA:38,1
DA:39,1
DA:40,1
DA:41,1
DA:42,1
DA:43,1
DA:44,1
DA:45,1
DA:46,1
DA:47,1
DA:48,1
DA:50,1
DA:51,1
DA:52,1
DA:53,1
DA:54,1
DA:55,1
DA:56,1
DA:57,1
DA:58,1
DA:59,1
DA:60,1
DA:61,1
DA:62,1
DA:63,1
DA:64,1
DA:65,1
DA:66,1
DA:70,1
DA:71,18
DA:72,13
DA:73,13
DA:75,1
DA:76,14
DA:77,14
DA:78,14
DA:79,11
DA:80,14
DA:81,1
DA:82,1
DA:84,1
DA:85,10
DA:86,10
DA:87,1
DA:88,1
DA:90,1
DA:91,11
DA:92,7
DA:93,7
DA:94,7
DA:95,7
DA:96,11
DA:97,11
DA:99,1
DA:100,6
DA:101,6
DA:102,6
DA:103,6
DA:104,6
DA:105,6
DA:106,6
DA:107,6
DA:108,6
DA:109,6
DA:110,6
DA:111,6
DA:112,6
DA:113,6
DA:114,6
DA:115,6
DA:116,6
DA:117,6
DA:118,6
DA:119,6
DA:120,6
DA:121,6
DA:122,6
DA:123,6
DA:124,6
LF:92
LH:92
BRDA:70,0,0,18
BRDA:71,1,0,5
BRDA:71,2,0,13
BRDA:72,3,0,13
BRDA:75,4,0,14
BRDA:78,5,0,3
BRDA:78,6,0,11
BRDA:80,7,0,10
BRDA:80,8,0,2
BRDA:80,9,0,10
BRDA:80,10,0,1
BRDA:84,11,0,10
BRDA:86,12,0,3
BRDA:86,13,0,2
BRDA:86,14,0,9
BRDA:86,15,0,1
BRDA:90,16,0,11
BRDA:91,17,0,4
BRDA:91,18,0,7
BRDA:96,19,0,0
BRDA:94,20,0,9
BRDA:99,21,0,6
BRDA:102,22,0,3
BRDA:102,23,0,3
BRDA:108,24,0,1
BRDA:109,25,0,3
BRDA:109,26,0,4
BRDA:110,27,0,3
BRDA:110,28,0,4
BRDA:111,29,0,3
BRDA:111,30,0,4
BRDA:113,31,0,3
BRDA:113,32,0,3
BRDA:116,33,0,1
BRDA:118,34,0,0
BRDA:119,35,0,0
BRDA:120,36,0,0
BRDA:121,37,0,0
BRDA:122,38,0,1
BRF:39
BRH:34
end_of_record
TN:
SF:src\clients.ts
FN:1,(empty-report)
FNF:1
FNH:0
FNDA:0,(empty-report)
DA:1,0
DA:18,0
DA:20,0
DA:21,0
DA:22,0
DA:23,0
DA:24,0
DA:25,0
DA:26,0
DA:27,0
DA:28,0
DA:37,0
DA:38,0
DA:39,0
DA:40,0
DA:41,0
DA:42,0
DA:43,0
DA:44,0
DA:45,0
DA:47,0
DA:48,0
DA:49,0
DA:50,0
DA:51,0
DA:52,0
DA:53,0
DA:54,0
DA:55,0
LF:29
LH:0
BRDA:1,0,0,0
BRF:1
BRH:0
end_of_record
TN:
SF:src\row-types.ts
FN:1,(empty-report)
FNF:1
FNH:1
FNDA:1,(empty-report)
LF:0
LH:0
BRDA:1,0,0,1
BRF:1
BRH:1
end_of_record
