TN:
SF:src\brand\Wordmark.tsx
FN:29,Wordmark2
FN:69,Monogram2
FNF:2
FNH:1
FNDA:1,Wordmark2
FNDA:0,Monogram2
DA:1,1
DA:23,1
DA:24,1
DA:25,1
DA:26,1
DA:27,1
DA:29,1
DA:30,1
DA:31,1
DA:32,1
DA:33,1
DA:34,1
DA:35,1
DA:36,1
DA:37,1
DA:38,1
DA:39,1
DA:40,1
DA:41,1
DA:42,1
DA:43,1
DA:45,1
DA:46,1
DA:47,1
DA:48,1
DA:49,1
DA:50,1
DA:51,1
DA:52,1
DA:53,1
DA:54,1
DA:55,1
DA:57,1
DA:58,1
DA:60,1
DA:69,1
DA:70,0
DA:71,0
DA:72,0
DA:73,0
DA:74,0
DA:75,0
DA:76,0
DA:77,0
DA:78,0
DA:79,0
DA:80,0
DA:81,0
DA:82,0
DA:84,0
DA:85,0
DA:86,0
DA:87,0
DA:88,0
DA:89,0
DA:90,0
DA:91,0
DA:92,0
DA:93,0
DA:94,0
DA:95,0
DA:96,0
DA:97,0
DA:98,0
DA:99,0
DA:100,0
DA:101,0
DA:102,0
DA:103,0
DA:104,0
DA:106,0
DA:107,0
DA:109,0
LF:73
LH:36
BRDA:29,0,0,1
BRF:1
BRH:1
end_of_record
TN:
SF:src\components\AppShell.tsx
FN:35,DefaultAnchor
FN:42,AppShell2
FN:82,onFocus
FN:85,onBlur
FNF:4
FNH:2
FNDA:3,DefaultAnchor
FNDA:1,AppShell2
FNDA:0,onFocus
FNDA:0,onBlur
DA:1,1
DA:35,3
DA:36,3
DA:37,3
DA:38,3
DA:39,3
DA:40,3
DA:42,1
DA:43,1
DA:44,1
DA:45,1
DA:46,1
DA:47,1
DA:48,1
DA:49,1
DA:50,1
DA:51,1
DA:52,1
DA:53,1
DA:54,1
DA:55,1
DA:56,1
DA:57,1
DA:58,1
DA:59,1
DA:60,1
DA:61,1
DA:62,1
DA:63,1
DA:64,1
DA:65,1
DA:66,1
DA:68,1
DA:69,1
DA:70,1
DA:71,1
DA:72,1
DA:73,1
DA:74,1
DA:75,1
DA:76,1
DA:77,1
DA:78,1
DA:79,1
DA:80,1
DA:81,1
DA:82,1
DA:83,0
DA:84,0
DA:85,1
DA:86,0
DA:87,0
DA:88,1
DA:90,1
DA:91,1
DA:92,1
DA:93,1
DA:94,1
DA:95,1
DA:96,1
DA:97,1
DA:99,1
DA:100,1
DA:101,1
DA:102,1
DA:103,1
DA:104,1
DA:105,1
DA:106,1
DA:107,1
DA:108,1
DA:110,1
DA:111,1
DA:112,1
DA:113,1
DA:115,1
DA:116,1
DA:117,1
DA:118,1
DA:119,1
DA:120,1
DA:121,1
DA:122,1
DA:123,1
DA:124,1
DA:125,1
DA:127,1
DA:128,2
DA:129,2
DA:130,2
DA:131,2
DA:132,2
DA:133,2
DA:134,2
DA:135,2
DA:136,2
DA:137,2
DA:138,2
DA:139,2
DA:140,2
DA:141,1
DA:142,1
DA:143,2
DA:144,2
DA:146,2
DA:147,2
DA:148,2
DA:150,1
DA:151,1
DA:152,1
DA:153,1
DA:154,1
DA:155,1
DA:156,1
DA:157,1
DA:158,1
DA:159,1
DA:160,1
DA:161,1
DA:162,1
DA:163,1
DA:164,1
DA:166,1
DA:167,1
DA:168,1
DA:169,1
DA:170,1
DA:171,1
DA:172,1
DA:173,1
DA:174,1
DA:175,1
DA:176,1
DA:178,1
DA:179,1
DA:180,1
DA:181,1
DA:182,1
DA:184,1
LF:139
LH:135
BRDA:35,0,0,3
BRDA:42,1,0,1
BRDA:153,2,0,0
BRDA:127,3,0,2
BRDA:133,4,0,1
BRDA:133,5,0,1
BRDA:137,6,0,1
BRDA:137,7,0,1
BRDA:138,8,0,1
BRDA:138,9,0,1
BRDA:140,10,0,1
BRDA:141,11,0,1
BRF:12
BRH:11
end_of_record
TN:
SF:src\components\Badge.tsx
FN:57,Badge2
FNF:1
FNH:1
FNDA:2,Badge2
DA:1,1
DA:27,1
DA:28,1
DA:29,1
DA:30,1
DA:31,1
DA:32,1
DA:33,1
DA:34,1
DA:35,1
DA:36,1
DA:37,1
DA:38,1
DA:39,1
DA:40,1
DA:41,1
DA:42,1
DA:43,1
DA:44,1
DA:45,1
DA:46,1
DA:47,1
DA:48,1
DA:50,1
DA:51,1
DA:52,1
DA:53,1
DA:54,1
DA:55,1
DA:57,1
DA:58,2
DA:59,2
DA:60,2
DA:61,2
DA:62,2
DA:63,2
DA:64,2
DA:65,2
DA:66,2
DA:67,2
DA:68,2
DA:69,2
DA:70,2
DA:71,2
DA:72,0
DA:73,2
DA:74,2
DA:75,2
DA:76,2
DA:77,2
DA:78,2
DA:79,2
DA:80,2
DA:81,2
DA:82,2
DA:83,2
DA:84,2
DA:85,2
DA:86,2
DA:87,2
DA:89,2
LF:61
LH:60
BRDA:57,0,0,2
BRDA:63,1,0,0
BRDA:65,2,0,1
BRDA:65,3,0,1
BRDA:71,4,0,0
BRDA:79,5,0,0
BRF:6
BRH:3
end_of_record
TN:
SF:src\components\Button.tsx
FN:79,Button2
FN:138,onFocus
FN:142,onBlur
FN:146,onMouseEnter
FN:150,onMouseLeave
FN:155,onMouseDown
FN:159,onMouseUp
FNF:7
FNH:5
FNDA:7,Button2
FNDA:1,onFocus
FNDA:0,onBlur
FNDA:1,onMouseEnter
FNDA:0,onMouseLeave
FNDA:1,onMouseDown
FNDA:1,onMouseUp
DA:1,1
DA:29,1
DA:30,1
DA:31,1
DA:32,1
DA:33,1
DA:35,1
DA:36,1
DA:37,1
DA:38,1
DA:39,1
DA:41,1
DA:42,1
DA:43,1
DA:44,1
DA:45,1
DA:55,1
DA:56,1
DA:57,1
DA:58,1
DA:59,1
DA:60,1
DA:61,1
DA:62,1
DA:63,1
DA:64,1
DA:65,1
DA:66,1
DA:67,1
DA:68,1
DA:69,1
DA:70,1
DA:71,1
DA:72,1
DA:73,1
DA:74,1
DA:75,1
DA:76,1
DA:77,1
DA:79,1
DA:80,7
DA:81,7
DA:82,7
DA:83,7
DA:84,7
DA:85,7
DA:86,7
DA:87,7
DA:88,7
DA:89,7
DA:90,7
DA:91,7
DA:92,7
DA:93,7
DA:94,7
DA:95,7
DA:96,7
DA:97,7
DA:98,7
DA:99,7
DA:100,7
DA:101,7
DA:102,7
DA:103,7
DA:104,7
DA:105,2
DA:106,5
DA:107,2
DA:108,3
DA:110,7
DA:111,7
DA:112,7
DA:113,7
DA:114,7
DA:115,7
DA:116,7
DA:117,7
DA:118,7
DA:119,7
DA:120,7
DA:121,7
DA:122,7
DA:123,7
DA:124,7
DA:125,7
DA:126,7
DA:127,7
DA:128,7
DA:129,7
DA:131,7
DA:132,7
DA:133,7
DA:134,7
DA:135,7
DA:136,7
DA:137,7
DA:138,7
DA:139,1
DA:140,1
DA:141,1
DA:142,7
DA:143,0
DA:144,0
DA:145,0
DA:146,7
DA:147,1
DA:148,1
DA:149,1
DA:150,7
DA:151,0
DA:152,0
DA:153,0
DA:154,0
DA:155,7
DA:156,1
DA:157,1
DA:158,1
DA:159,7
DA:160,1
DA:161,1
DA:162,1
DA:163,7
DA:165,7
DA:166,2
DA:168,5
DA:170,7
DA:171,7
DA:172,7
DA:173,7
DA:175,7
LF:130
LH:123
BRDA:79,0,0,7
BRDA:104,1,0,2
BRDA:105,2,0,5
BRDA:106,3,0,2
BRDA:107,4,0,3
BRDA:123,5,0,2
BRDA:123,6,0,5
BRDA:124,7,0,2
BRDA:124,8,0,5
BRDA:126,9,0,2
BRDA:126,10,0,5
BRDA:127,11,0,2
BRDA:127,12,0,5
BRDA:135,13,0,5
BRDA:165,14,0,2
BRDA:166,15,0,5
BRDA:170,16,0,2
BRDA:170,17,0,5
BRDA:171,18,0,5
BRDA:138,19,0,1
BRDA:140,20,0,0
BRDA:146,21,0,1
BRDA:148,22,0,0
BRDA:155,23,0,1
BRDA:157,24,0,0
BRDA:159,25,0,1
BRDA:161,26,0,0
BRF:27
BRH:23
end_of_record
TN:
SF:src\components\Card.tsx
FN:55,Card2
FNF:1
FNH:1
FNDA:1,Card2
DA:1,1
DA:24,1
DA:25,1
DA:26,1
DA:27,1
DA:28,1
DA:29,1
DA:31,1
DA:32,1
DA:33,1
DA:34,1
DA:35,1
DA:36,1
DA:37,1
DA:38,1
DA:39,1
DA:40,1
DA:41,1
DA:42,1
DA:43,1
DA:44,1
DA:45,1
DA:46,1
DA:47,1
DA:48,1
DA:49,1
DA:50,1
DA:51,1
DA:52,1
DA:53,1
DA:55,1
DA:56,1
DA:57,1
DA:58,1
DA:59,1
DA:60,1
DA:61,1
DA:62,1
DA:63,1
DA:64,1
DA:65,1
DA:66,1
DA:67,1
DA:68,1
DA:69,1
DA:70,1
DA:71,1
DA:72,1
DA:74,1
LF:49
LH:49
BRDA:55,0,0,1
BRF:1
BRH:1
end_of_record
TN:
SF:src\components\DataTable.tsx
FN:70,defaultAlign
FN:76,DataTable
FN:154,__vite_ssr_import_0__.jsxDEV.onClick
FN:155,__vite_ssr_import_0__.jsxDEV.onKeyDown
FNF:4
FNH:3
FNDA:34,defaultAlign
FNDA:5,DataTable
FNDA:2,__vite_ssr_import_0__.jsxDEV.onClick
FNDA:0,__vite_ssr_import_0__.jsxDEV.onKeyDown
DA:1,1
DA:70,34
DA:71,34
DA:72,34
DA:73,0
DA:74,0
DA:76,1
DA:77,5
DA:78,5
DA:79,5
DA:80,5
DA:81,5
DA:82,5
DA:83,5
DA:84,5
DA:85,5
DA:87,5
DA:88,5
DA:89,2
DA:90,5
DA:91,2
DA:92,5
DA:93,5
DA:95,5
DA:96,2
DA:97,2
DA:98,1
DA:99,1
DA:100,1
DA:101,2
DA:102,5
DA:104,5
DA:105,5
DA:106,0
DA:107,0
DA:108,0
DA:109,0
DA:110,0
DA:111,5
DA:112,5
DA:114,5
DA:115,5
DA:116,5
DA:117,5
DA:118,5
DA:119,5
DA:120,5
DA:122,5
DA:123,5
DA:124,5
DA:125,0
DA:126,0
DA:127,0
DA:128,0
DA:129,0
DA:130,0
DA:132,0
DA:133,0
DA:134,5
DA:135,5
DA:136,5
DA:137,5
DA:138,10
DA:139,10
DA:140,10
DA:141,2
DA:142,1
DA:143,1
DA:144,8
DA:145,10
DA:146,10
DA:147,10
DA:148,10
DA:149,10
DA:150,10
DA:151,10
DA:153,10
DA:154,10
DA:155,10
DA:156,10
DA:157,10
DA:158,10
DA:159,10
DA:160,10
DA:161,10
DA:162,10
DA:163,10
DA:164,10
DA:165,10
DA:166,10
DA:167,10
DA:168,10
DA:170,10
DA:171,10
DA:173,10
DA:174,10
DA:175,10
DA:176,10
DA:178,5
DA:179,5
DA:180,5
DA:181,5
DA:182,5
DA:183,1
DA:184,1
DA:185,1
DA:186,1
DA:188,1
DA:189,1
DA:190,1
DA:192,4
DA:193,12
DA:194,12
DA:195,12
DA:196,12
DA:197,24
DA:198,24
DA:199,24
DA:200,24
DA:201,24
DA:202,24
DA:203,24
DA:204,24
DA:205,24
DA:206,24
DA:207,24
DA:208,24
DA:209,24
DA:211,24
DA:212,24
DA:214,12
DA:215,12
DA:217,4
DA:219,5
DA:220,5
DA:222,5
LF:136
LH:121
BRDA:70,0,0,34
BRDA:71,1,0,0
BRDA:72,2,0,17
BRDA:72,3,0,0
BRDA:76,4,0,5
BRDA:124,5,0,0
BRDA:182,6,0,1
BRDA:182,7,0,1
BRDA:190,8,0,4
BRDA:87,9,0,5
BRDA:88,10,0,3
BRDA:88,11,0,2
BRDA:90,12,0,0
BRDA:90,13,0,2
BRDA:92,14,0,1
BRDA:92,15,0,1
BRDA:89,16,0,2
BRDA:95,17,0,2
BRDA:96,18,0,2
BRDA:97,19,0,1
BRDA:97,20,0,1
BRDA:98,21,0,0
BRDA:137,22,0,10
BRDA:139,23,0,4
BRDA:140,24,0,2
BRDA:141,25,0,1
BRDA:142,26,0,1
BRDA:143,27,0,8
BRDA:151,28,0,2
BRDA:151,29,0,1
BRDA:151,30,0,1
BRDA:151,31,0,8
BRDA:153,32,0,0
BRDA:154,33,0,0
BRDA:155,34,0,0
BRDA:163,35,0,0
BRDA:174,36,0,0
BRDA:154,37,0,2
BRDA:192,38,0,12
BRDA:196,39,0,24
BRDA:198,40,0,12
BRDA:198,41,0,0
BRDA:206,42,0,0
BRDA:207,43,0,0
BRF:44
BRH:31
end_of_record
TN:
SF:src\components\EmptyState.tsx
FN:22,EmptyState2
FNF:1
FNH:1
FNDA:1,EmptyState2
DA:1,1
DA:22,1
DA:23,1
DA:24,1
DA:25,1
DA:26,1
DA:27,1
DA:28,1
DA:29,1
DA:30,1
DA:31,1
DA:32,1
DA:33,1
DA:34,1
DA:35,1
DA:36,1
DA:37,1
DA:38,1
DA:39,1
DA:40,1
DA:41,1
DA:42,1
DA:44,1
DA:45,0
DA:46,0
DA:47,0
DA:48,1
DA:49,1
DA:50,1
DA:51,1
DA:52,1
DA:53,1
DA:54,1
DA:55,1
DA:57,1
DA:58,1
DA:59,1
DA:60,1
DA:61,1
DA:62,1
DA:63,1
DA:64,1
DA:65,1
DA:66,1
DA:67,1
DA:69,1
DA:70,1
DA:71,0
DA:72,1
DA:73,1
DA:75,1
LF:51
LH:47
BRDA:22,0,0,1
BRDA:44,1,0,0
BRDA:70,2,0,0
BRDA:72,3,0,0
BRF:4
BRH:1
end_of_record
TN:
SF:src\components\ErrorState.tsx
FN:24,ErrorState2
FNF:1
FNH:1
FNDA:1,ErrorState2
DA:1,1
DA:24,1
DA:25,1
DA:26,1
DA:27,1
DA:28,1
DA:29,1
DA:30,1
DA:31,1
DA:32,1
DA:33,1
DA:34,1
DA:35,1
DA:36,1
DA:37,1
DA:38,1
DA:39,1
DA:40,1
DA:41,1
DA:42,1
DA:43,1
DA:45,1
DA:46,1
DA:47,1
DA:48,1
DA:49,1
DA:50,1
DA:51,1
DA:52,1
DA:53,1
DA:55,1
DA:56,1
DA:57,1
DA:58,1
DA:59,1
DA:60,1
DA:61,1
DA:62,1
DA:63,1
DA:64,1
DA:65,1
DA:66,1
DA:68,1
DA:69,1
DA:70,0
DA:71,1
DA:72,1
DA:73,0
DA:74,0
DA:75,0
DA:76,0
DA:77,0
DA:78,0
DA:79,0
DA:81,0
DA:82,0
DA:83,0
DA:84,0
DA:85,0
DA:86,1
DA:87,1
DA:89,1
LF:62
LH:49
BRDA:24,0,0,1
BRDA:69,1,0,0
BRDA:71,2,0,0
BRDA:72,3,0,0
BRF:4
BRH:1
end_of_record
TN:
SF:src\components\HorizonBar.tsx
FN:32,clamp
FN:45,HorizonBar2
FNF:2
FNH:2
FNDA:3,clamp
FNDA:2,HorizonBar2
DA:1,1
DA:32,3
DA:33,3
DA:34,3
DA:36,1
DA:37,1
DA:38,1
DA:39,1
DA:40,1
DA:41,1
DA:42,1
DA:43,1
DA:45,1
DA:46,2
DA:47,2
DA:48,2
DA:49,2
DA:50,2
DA:51,2
DA:52,2
DA:53,2
DA:54,2
DA:55,2
DA:56,2
DA:57,2
DA:58,2
DA:59,2
DA:60,2
DA:61,2
DA:62,2
DA:64,2
DA:65,2
DA:66,2
DA:67,2
DA:68,2
DA:69,2
DA:70,2
DA:71,2
DA:72,2
DA:74,2
DA:75,2
DA:76,2
DA:77,2
DA:78,2
DA:79,2
DA:80,2
DA:81,2
DA:82,2
DA:83,2
DA:84,2
DA:85,2
DA:88,2
DA:89,2
DA:90,2
DA:91,2
DA:92,2
DA:93,2
DA:94,2
DA:95,2
DA:96,2
DA:97,2
DA:98,2
DA:100,2
DA:101,2
DA:102,2
DA:103,2
DA:104,2
DA:105,2
DA:106,2
DA:107,2
DA:108,2
DA:109,2
DA:111,2
DA:112,1
DA:113,1
DA:114,1
DA:115,1
DA:116,1
DA:117,1
DA:118,1
DA:119,1
DA:120,1
DA:121,1
DA:122,1
DA:123,1
DA:124,2
DA:125,2
DA:126,2
DA:127,2
DA:128,2
DA:129,2
DA:130,2
DA:131,2
DA:132,2
DA:133,2
DA:134,2
DA:135,2
DA:137,2
DA:138,2
DA:139,2
DA:140,2
DA:142,2
LF:102
LH:102
BRDA:32,0,0,3
BRDA:45,1,0,2
BRDA:59,2,0,1
BRDA:59,3,0,1
BRDA:62,4,0,0
BRDA:111,5,0,1
BRDA:122,6,0,1
BRF:7
BRH:6
end_of_record
TN:
SF:src\components\KPI.tsx
FN:40,trendColour
FN:49,KPI2
FNF:2
FNH:1
FNDA:0,trendColour
FNDA:1,KPI2
DA:1,1
DA:34,1
DA:35,1
DA:36,1
DA:37,1
DA:38,1
DA:40,0
DA:41,0
DA:42,0
DA:43,0
DA:44,0
DA:45,0
DA:46,0
DA:47,0
DA:49,1
DA:50,1
DA:51,1
DA:52,1
DA:53,1
DA:54,1
DA:55,1
DA:56,1
DA:57,1
DA:58,1
DA:59,1
DA:60,1
DA:61,1
DA:62,1
DA:63,1
DA:64,1
DA:66,1
DA:67,1
DA:68,1
DA:69,1
DA:70,1
DA:71,1
DA:73,1
DA:74,1
DA:75,1
DA:76,1
DA:77,1
DA:78,1
DA:79,1
DA:80,1
DA:81,1
DA:83,1
DA:84,1
DA:85,1
DA:86,1
DA:87,1
DA:88,1
DA:89,1
DA:90,1
DA:91,1
DA:93,1
DA:94,1
DA:95,0
DA:96,1
DA:97,0
DA:98,0
DA:99,0
DA:100,0
DA:101,0
DA:102,0
DA:103,0
DA:104,0
DA:105,0
DA:106,0
DA:108,0
DA:109,0
DA:110,1
DA:111,1
DA:112,1
DA:113,0
DA:114,0
DA:115,0
DA:116,0
DA:117,0
DA:118,0
DA:120,0
DA:121,0
DA:122,1
DA:123,1
DA:125,1
LF:84
LH:55
BRDA:49,0,0,1
BRDA:53,1,0,0
BRDA:54,2,0,0
BRDA:78,3,0,0
BRDA:94,4,0,0
BRDA:96,5,0,0
BRDA:96,6,0,0
BRDA:112,7,0,0
BRF:8
BRH:1
end_of_record
TN:
SF:src\components\LoadingState.tsx
FN:22,LoadingState2
FNF:1
FNH:1
FNDA:1,LoadingState2
DA:1,1
DA:22,1
DA:23,1
DA:24,1
DA:25,1
DA:26,1
DA:27,1
DA:28,1
DA:29,1
DA:30,1
DA:31,1
DA:32,1
DA:33,1
DA:34,1
DA:35,1
DA:36,1
DA:37,1
DA:38,1
DA:39,1
DA:41,1
DA:42,3
DA:43,3
DA:44,3
DA:45,3
DA:46,3
DA:47,3
DA:48,3
DA:49,3
DA:50,3
DA:51,3
DA:52,3
DA:53,3
DA:54,1
DA:55,1
DA:56,1
DA:64,1
DA:68,1
DA:69,1
DA:71,1
LF:39
LH:39
BRDA:22,0,0,1
BRDA:41,1,0,3
BRDA:47,2,0,1
BRDA:47,3,0,2
BRF:4
BRH:4
end_of_record
TN:
SF:src\components\PageHeader.tsx
FN:29,PageHeader2
FNF:1
FNH:1
FNDA:1,PageHeader2
DA:1,1
DA:29,1
DA:30,1
DA:31,1
DA:32,1
DA:33,1
DA:34,1
DA:35,1
DA:36,1
DA:37,1
DA:38,1
DA:39,1
DA:40,1
DA:41,1
DA:42,1
DA:43,1
DA:44,1
DA:45,1
DA:46,1
DA:47,1
DA:49,1
DA:50,1
DA:51,0
DA:52,0
DA:53,0
DA:54,0
DA:55,0
DA:56,0
DA:58,0
DA:59,0
DA:60,1
DA:61,1
DA:62,1
DA:63,1
DA:64,1
DA:65,1
DA:66,1
DA:67,1
DA:68,1
DA:70,1
DA:71,1
DA:72,1
DA:73,0
DA:74,0
DA:75,0
DA:76,0
DA:77,0
DA:78,0
DA:79,0
DA:80,0
DA:82,0
DA:83,0
DA:84,1
DA:85,1
DA:86,0
DA:87,0
DA:88,0
DA:89,0
DA:90,0
DA:91,0
DA:92,0
DA:94,0
DA:95,0
DA:96,1
DA:97,1
DA:98,1
DA:99,1
DA:101,1
LF:68
LH:41
BRDA:29,0,0,1
BRDA:34,1,0,0
BRDA:34,2,0,0
BRDA:50,3,0,0
BRDA:72,4,0,0
BRDA:85,5,0,0
BRDA:98,6,0,0
BRF:7
BRH:1
end_of_record
TN:
SF:src\components\Sankey.tsx
FN:1,(empty-report)
FNF:1
FNH:0
FNDA:0,(empty-report)
DA:1,0
DA:22,0
DA:23,0
DA:24,0
DA:25,0
DA:26,0
DA:27,0
DA:28,0
DA:30,0
DA:31,0
DA:32,0
DA:33,0
DA:34,0
DA:35,0
DA:36,0
DA:37,0
DA:38,0
DA:39,0
DA:40,0
DA:41,0
DA:42,0
DA:43,0
DA:44,0
DA:45,0
DA:46,0
DA:47,0
DA:48,0
DA:49,0
DA:50,0
DA:51,0
DA:52,0
DA:53,0
DA:54,0
DA:56,0
DA:57,0
DA:58,0
DA:60,0
DA:73,0
DA:74,0
DA:75,0
DA:76,0
DA:77,0
DA:79,0
DA:80,0
DA:81,0
DA:82,0
DA:84,0
DA:85,0
DA:86,0
DA:87,0
DA:88,0
DA:89,0
DA:90,0
DA:91,0
DA:92,0
DA:93,0
DA:94,0
DA:95,0
DA:97,0
LF:59
LH:0
BRDA:1,0,0,0
BRF:1
BRH:0
end_of_record
TN:
SF:src\components\SeverityIndicator.tsx
FN:53,SeverityIndicator2
FNF:1
FNH:1
FNDA:1,SeverityIndicator2
DA:1,1
DA:25,1
DA:28,1
DA:29,1
DA:30,1
DA:31,1
DA:32,1
DA:33,1
DA:34,1
DA:35,1
DA:36,1
DA:37,1
DA:38,1
DA:39,1
DA:40,1
DA:41,1
DA:42,1
DA:43,1
DA:44,1
DA:45,1
DA:46,1
DA:47,1
DA:48,1
DA:49,1
DA:50,1
DA:52,1
DA:53,1
DA:54,1
DA:55,1
DA:56,1
DA:57,1
DA:58,1
DA:59,1
DA:60,1
DA:61,1
DA:62,1
DA:63,1
DA:64,1
DA:65,1
DA:66,1
DA:67,1
DA:68,1
DA:69,1
DA:70,1
DA:71,1
DA:72,1
DA:73,1
DA:74,1
DA:76,1
DA:77,1
DA:78,1
DA:79,1
DA:80,1
DA:81,1
DA:83,1
DA:84,1
LF:56
LH:56
BRDA:53,0,0,1
BRF:1
BRH:1
end_of_record
TN:
SF:src\components\SourceLink.tsx
FN:26,SourceLink2
FNF:1
FNH:1
FNDA:1,SourceLink2
DA:1,1
DA:26,1
DA:27,1
DA:28,1
DA:29,1
DA:30,1
DA:31,1
DA:32,1
DA:33,1
DA:34,0
DA:35,0
DA:36,1
DA:38,1
DA:39,1
DA:40,1
DA:41,1
DA:42,1
DA:43,1
DA:44,1
DA:45,1
DA:46,1
DA:47,1
DA:48,1
DA:49,1
DA:50,1
DA:51,1
DA:52,1
DA:53,1
DA:54,1
DA:55,1
DA:56,1
DA:58,1
DA:59,1
DA:60,1
DA:62,1
LF:35
LH:33
BRDA:26,0,0,1
BRDA:44,1,0,0
BRDA:49,2,0,0
BRDA:51,3,0,0
BRDA:59,4,0,0
BRDA:30,5,0,1
BRDA:33,6,0,0
BRF:7
BRH:2
end_of_record
TN:
SF:src\components\Text.tsx
FN:47,Text2
FNF:1
FNH:1
FNDA:2,Text2
DA:1,1
DA:29,1
DA:30,1
DA:31,1
DA:32,1
DA:33,1
DA:34,1
DA:35,1
DA:37,1
DA:38,1
DA:39,1
DA:40,1
DA:41,1
DA:42,1
DA:43,1
DA:44,1
DA:45,1
DA:47,1
DA:48,2
DA:49,2
DA:50,2
DA:51,2
DA:52,2
DA:53,2
DA:54,2
DA:55,2
DA:56,2
DA:57,2
DA:58,1
DA:59,1
DA:60,1
DA:61,1
DA:62,1
DA:63,1
DA:64,2
DA:65,2
DA:66,2
DA:67,2
DA:68,2
DA:70,2
LF:40
LH:40
BRDA:47,0,0,2
BRDA:51,1,0,1
BRDA:57,2,0,1
BRDA:62,3,0,1
BRF:4
BRH:4
end_of_record
TN:
SF:src\components\Timestamp.tsx
FN:24,toDate
FN:28,formatRelative
FN:46,formatAbsolute
FN:53,Timestamp2
FN:62,tick
FN:63,start
FN:67,stop
FN:73,onVisibility
FNF:8
FNH:6
FNDA:1,toDate
FNDA:1,formatRelative
FNDA:1,formatAbsolute
FNDA:1,Timestamp2
FNDA:0,tick
FNDA:1,start
FNDA:1,stop
FNDA:0,onVisibility
DA:1,1
DA:24,1
DA:25,1
DA:26,1
DA:28,1
DA:29,1
DA:30,1
DA:31,1
DA:32,1
DA:33,1
DA:34,1
DA:35,1
DA:36,0
DA:37,0
DA:38,0
DA:39,0
DA:40,0
DA:41,0
DA:42,0
DA:43,0
DA:44,0
DA:46,1
DA:47,1
DA:48,1
DA:49,1
DA:50,1
DA:51,1
DA:53,1
DA:54,1
DA:55,1
DA:56,1
DA:57,1
DA:58,1
DA:60,1
DA:61,1
DA:62,1
DA:63,1
DA:64,1
DA:65,1
DA:66,1
DA:67,1
DA:68,1
DA:69,1
DA:70,1
DA:71,1
DA:72,1
DA:73,1
DA:74,0
DA:75,0
DA:76,0
DA:77,0
DA:78,0
DA:79,0
DA:80,0
DA:81,1
DA:82,1
DA:83,1
DA:84,1
DA:85,1
DA:86,1
DA:87,1
DA:89,1
DA:90,1
DA:91,1
DA:92,1
DA:93,1
DA:94,1
DA:95,1
DA:96,1
DA:97,1
DA:98,1
DA:99,1
DA:100,1
DA:101,1
DA:102,1
DA:103,1
DA:104,1
DA:105,1
DA:107,1
DA:108,1
DA:110,1
LF:81
LH:65
BRDA:24,0,0,1
BRDA:25,1,0,0
BRDA:28,2,0,1
BRDA:30,3,0,0
BRDA:33,4,0,0
BRDA:35,5,0,0
BRDA:46,6,0,1
BRDA:53,7,0,1
BRDA:92,8,0,0
BRDA:92,9,0,0
BRDA:58,10,0,1
BRDA:60,11,0,1
BRDA:63,12,0,1
BRDA:64,13,0,0
BRDA:67,14,0,1
BRDA:83,15,0,1
BRF:16
BRH:9
end_of_record
TN:
SF:src\foundations\style-utils.ts
FN:13,scaleStyle
FN:27,focusRingStyle
FNF:2
FNH:1
FNDA:61,scaleStyle
FNDA:0,focusRingStyle
DA:1,1
DA:13,1
DA:14,61
DA:15,61
DA:16,61
DA:17,61
DA:18,61
DA:19,61
DA:20,61
DA:21,61
DA:22,12
DA:23,12
DA:24,61
DA:25,61
DA:27,1
DA:28,0
DA:29,0
DA:30,0
DA:31,0
DA:32,0
DA:34,1
DA:35,1
LF:22
LH:17
BRDA:13,0,0,61
BRDA:21,1,0,12
BRF:2
BRH:2
end_of_record
TN:
SF:src\icons\CascadeNodeIcon.tsx
FN:1,(empty-report)
FNF:1
FNH:0
FNDA:0,(empty-report)
DA:1,0
DA:12,0
DA:13,0
DA:14,0
DA:15,0
DA:16,0
DA:17,0
DA:18,0
DA:19,0
DA:20,0
DA:21,0
DA:22,0
DA:23,0
DA:24,0
DA:25,0
DA:26,0
DA:28,0
DA:29,0
DA:30,0
DA:31,0
DA:32,0
DA:33,0
DA:35,0
DA:36,0
LF:24
LH:0
BRDA:1,0,0,0
BRF:1
BRH:0
end_of_record
TN:
SF:src\icons\DriftArrowIcon.tsx
FN:1,(empty-report)
FNF:1
FNH:0
FNDA:0,(empty-report)
DA:1,0
DA:15,0
DA:16,0
DA:17,0
DA:18,0
DA:19,0
DA:20,0
DA:21,0
DA:22,0
DA:23,0
DA:24,0
DA:25,0
DA:26,0
DA:27,0
DA:28,0
DA:29,0
DA:31,0
DA:32,0
DA:33,0
DA:34,0
DA:35,0
DA:36,0
DA:38,0
DA:39,0
DA:40,0
DA:41,0
DA:42,0
DA:43,0
DA:45,0
DA:46,0
DA:47,0
DA:48,0
DA:49,0
DA:51,0
DA:53,0
DA:54,0
LF:36
LH:0
BRDA:1,0,0,0
BRF:1
BRH:0
end_of_record
TN:
SF:src\motion\ChartTransition.tsx
FN:1,(empty-report)
FNF:1
FNH:0
FNDA:0,(empty-report)
DA:1,0
DA:21,0
DA:22,0
DA:23,0
DA:24,0
DA:25,0
DA:26,0
DA:27,0
DA:28,0
DA:29,0
DA:30,0
DA:31,0
DA:32,0
DA:33,0
DA:34,0
DA:35,0
DA:37,0
DA:38,0
DA:39,0
DA:40,0
DA:42,0
LF:21
LH:0
BRDA:1,0,0,0
BRF:1
BRH:0
end_of_record
TN:
SF:src\motion\PageTransition.tsx
FN:1,(empty-report)
FNF:1
FNH:0
FNDA:0,(empty-report)
DA:1,0
DA:24,0
DA:25,0
DA:26,0
DA:27,0
DA:28,0
DA:29,0
DA:30,0
DA:31,0
DA:32,0
DA:33,0
DA:34,0
DA:35,0
DA:36,0
DA:37,0
DA:38,0
DA:40,0
DA:41,0
DA:43,0
LF:19
LH:0
BRDA:1,0,0,0
BRF:1
BRH:0
end_of_record
TN:
SF:src\motion\StaggerFade.tsx
FN:1,(empty-report)
FNF:1
FNH:0
FNDA:0,(empty-report)
DA:1,0
DA:22,0
DA:23,0
DA:24,0
DA:25,0
DA:26,0
DA:27,0
DA:28,0
DA:29,0
DA:30,0
DA:31,0
DA:32,0
DA:33,0
DA:34,0
DA:35,0
DA:36,0
DA:37,0
DA:38,0
DA:39,0
DA:40,0
DA:42,0
DA:43,0
DA:44,0
DA:45,0
DA:47,0
LF:25
LH:0
BRDA:1,0,0,0
BRF:1
BRH:0
end_of_record
TN:
SF:src\motion\useReducedMotion.ts
FN:1,(empty-report)
FNF:1
FNH:0
FNDA:0,(empty-report)
DA:1,0
DA:12,0
DA:13,0
DA:15,0
DA:16,0
DA:17,0
DA:18,0
DA:19,0
DA:20,0
DA:21,0
DA:22,0
DA:24,0
DA:25,0
LF:13
LH:0
BRDA:1,0,0,0
BRF:1
BRH:0
end_of_record
TN:
SF:tokens\colour.ts
FNF:0
FNH:0
DA:10,1
DA:11,1
DA:12,1
DA:13,1
DA:14,1
DA:15,1
DA:16,1
DA:17,1
DA:18,1
DA:19,1
DA:20,1
DA:21,1
DA:22,1
DA:23,1
DA:24,1
DA:25,1
DA:26,1
DA:27,1
DA:28,1
DA:29,1
DA:30,1
DA:31,1
DA:32,1
DA:33,1
DA:34,1
DA:35,1
DA:36,1
DA:37,1
DA:38,1
DA:39,1
DA:40,1
DA:41,1
LF:32
LH:32
BRF:0
BRH:0
end_of_record
TN:
SF:tokens\colours.ts
FN:1,(empty-report)
FNF:1
FNH:0
FNDA:0,(empty-report)
DA:1,0
DA:11,0
DA:12,0
DA:13,0
DA:14,0
DA:15,0
DA:16,0
DA:17,0
DA:18,0
DA:19,0
DA:20,0
DA:21,0
DA:22,0
DA:23,0
DA:24,0
DA:25,0
DA:26,0
DA:27,0
DA:28,0
DA:29,0
DA:30,0
DA:31,0
DA:32,0
DA:33,0
DA:34,0
DA:35,0
DA:36,0
LF:27
LH:0
BRDA:1,0,0,0
BRF:1
BRH:0
end_of_record
TN:
SF:tokens\index.ts
FN:1,(empty-report)
FNF:1
FNH:0
FNDA:0,(empty-report)
DA:1,0
LF:1
LH:0
BRDA:1,0,0,0
BRF:1
BRH:0
end_of_record
TN:
SF:tokens\space.ts
FNF:0
FNH:0
DA:8,1
DA:9,1
DA:10,1
DA:11,1
DA:12,1
DA:13,1
DA:14,1
DA:15,1
DA:16,1
DA:17,1
DA:18,1
DA:19,1
DA:20,1
DA:21,1
DA:22,1
DA:23,1
DA:24,1
DA:25,1
DA:26,1
DA:27,1
DA:28,1
DA:29,1
DA:30,1
DA:31,1
DA:32,1
DA:33,1
DA:34,1
DA:35,1
DA:36,1
DA:37,1
DA:38,1
DA:39,1
DA:40,1
DA:41,1
DA:42,1
DA:43,1
DA:44,1
DA:45,1
LF:38
LH:38
BRF:0
BRH:0
end_of_record
TN:
SF:tokens\typography.ts
FNF:0
FNH:0
DA:8,1
DA:9,1
DA:10,1
DA:11,1
DA:12,1
DA:13,1
DA:14,1
DA:15,1
DA:16,1
DA:17,1
DA:18,1
DA:19,1
DA:20,1
DA:21,1
DA:22,1
DA:23,1
DA:24,1
DA:25,1
DA:26,1
DA:27,1
DA:28,1
DA:29,1
DA:30,1
DA:31,1
DA:32,1
DA:33,1
LF:26
LH:26
BRF:0
BRH:0
end_of_record
