TN:
SF:src\cascade\fragility.ts
FN:19,computeSystemFragility
FN:69,unitDriftAllPairs
FNF:2
FNH:2
FNDA:3,computeSystemFragility
FNDA:3,unitDriftAllPairs
DA:1,1
DA:19,1
DA:20,3
DA:21,3
DA:22,3
DA:23,3
DA:24,3
DA:25,3
DA:26,3
DA:27,3
DA:28,3
DA:29,10
DA:30,11
DA:31,11
DA:32,11
DA:33,10
DA:35,3
DA:36,3
DA:37,3
DA:38,3
DA:40,3
DA:41,3
DA:42,3
DA:43,10
DA:44,6
DA:45,6
DA:46,6
DA:47,10
DA:48,3
DA:50,3
DA:51,3
DA:52,10
DA:53,10
DA:54,10
DA:55,3
DA:57,3
DA:58,3
DA:59,3
DA:60,3
DA:61,3
DA:62,3
DA:63,3
DA:69,3
DA:70,3
DA:71,3
DA:72,3
DA:73,3
DA:74,3
DA:75,3
DA:76,3
DA:77,3
DA:78,3
DA:79,3
DA:80,3
DA:81,3
DA:82,3
DA:83,3
LF:57
LH:57
BRDA:19,0,0,3
BRDA:27,1,0,10
BRDA:28,2,0,10
BRDA:29,3,0,11
BRDA:30,4,0,0
BRDA:31,5,0,0
BRDA:36,6,0,10
BRDA:36,7,0,5
BRDA:38,8,0,10
BRDA:38,9,0,2
BRDA:38,10,0,8
BRDA:42,11,0,10
BRDA:43,12,0,0
BRDA:43,13,0,6
BRDA:48,14,0,1
BRDA:48,15,0,2
BRDA:51,16,0,10
BRDA:52,17,0,11
BRDA:55,18,0,7
BRDA:69,19,0,3
BRDA:75,20,0,10
BRF:21
BRH:18
end_of_record
TN:
SF:src\cascade\graph.ts
FN:18,buildGraph
FN:59,detectCycle
FN:72,visit
FN:100,topologicalSort
FNF:4
FNH:4
FNDA:20,buildGraph
FNDA:16,detectCycle
FNDA:45,visit
FNDA:1,topologicalSort
DA:18,1
DA:19,20
DA:20,20
DA:21,20
DA:22,20
DA:23,20
DA:25,20
DA:26,20
DA:27,37
DA:28,37
DA:29,1
DA:30,1
DA:31,37
DA:32,0
DA:33,0
DA:34,37
DA:35,1
DA:36,1
DA:37,34
DA:38,37
DA:39,33
DA:40,33
DA:42,16
DA:43,16
DA:44,20
DA:45,45
DA:46,45
DA:47,45
DA:48,20
DA:49,32
DA:50,32
DA:51,32
DA:53,16
DA:54,20
DA:56,15
DA:57,15
DA:59,16
DA:60,16
DA:61,16
DA:62,16
DA:63,16
DA:64,16
DA:65,16
DA:66,16
DA:67,16
DA:69,16
DA:70,16
DA:72,16
DA:73,45
DA:74,45
DA:75,45
DA:76,32
DA:77,32
DA:78,1
DA:79,1
DA:80,1
DA:81,1
DA:82,32
DA:83,32
DA:84,42
DA:85,42
DA:86,42
DA:87,45
DA:89,16
DA:90,43
DA:91,43
DA:92,15
DA:93,15
DA:100,1
DA:101,1
DA:102,1
DA:103,3
DA:104,3
DA:105,1
DA:106,1
DA:107,1
DA:108,1
DA:109,3
DA:110,3
DA:111,3
DA:112,2
DA:113,2
DA:114,2
DA:115,2
DA:116,2
DA:117,3
DA:118,1
DA:119,1
LF:88
LH:86
BRDA:18,0,0,20
BRDA:23,1,0,51
BRDA:26,2,0,37
BRDA:27,3,0,1
BRDA:27,4,0,36
BRDA:28,5,0,35
BRDA:28,6,0,1
BRDA:30,7,0,35
BRDA:31,8,0,0
BRDA:33,9,0,35
BRDA:34,10,0,1
BRDA:36,11,0,34
BRDA:38,12,0,1
BRDA:38,13,0,33
BRDA:40,14,0,16
BRDA:44,15,0,45
BRDA:47,16,0,16
BRDA:48,17,0,32
BRDA:51,18,0,16
BRDA:54,19,0,1
BRDA:54,20,0,15
BRDA:59,21,0,16
BRDA:67,22,0,45
BRDA:89,23,0,43
BRDA:90,24,0,17
BRDA:90,25,0,1
BRDA:91,26,0,15
BRDA:72,27,0,45
BRDA:75,28,0,0
BRDA:75,29,0,32
BRDA:77,30,0,1
BRDA:81,31,0,31
BRDA:82,32,0,28
BRDA:82,33,0,2
BRDA:83,34,0,42
BRDA:100,35,0,1
BRDA:102,36,0,3
BRDA:103,37,0,0
BRDA:106,38,0,3
BRDA:106,39,0,1
BRDA:108,40,0,3
BRDA:111,41,0,0
BRDA:111,42,0,2
BRDA:113,43,0,0
BRF:44
BRH:39
end_of_record
TN:
SF:src\cascade\propagate.ts
FN:20,propagateFromSource
FN:64,propagateAllPairs
FN:77,dfs
FN:105,clamp01
FNF:4
FNH:4
FNDA:23,propagateFromSource
FNDA:5,propagateAllPairs
FNDA:53,dfs
FNDA:22,clamp01
DA:1,1
DA:20,1
DA:21,23
DA:22,23
DA:23,23
DA:24,23
DA:25,23
DA:26,23
DA:27,1
DA:28,1
DA:29,22
DA:30,23
DA:31,23
DA:32,23
DA:34,23
DA:35,23
DA:36,23
DA:38,23
DA:39,23
DA:40,28
DA:41,28
DA:42,28
DA:43,28
DA:44,28
DA:45,28
DA:46,28
DA:47,28
DA:48,28
DA:49,22
DA:50,22
DA:52,22
DA:53,22
DA:54,22
DA:55,22
DA:56,22
DA:57,22
DA:58,22
DA:59,22
DA:60,23
DA:61,23
DA:62,23
DA:64,1
DA:65,5
DA:66,5
DA:67,5
DA:68,5
DA:69,5
DA:70,5
DA:71,17
DA:72,17
DA:73,17
DA:74,5
DA:75,5
DA:77,53
DA:78,53
DA:79,53
DA:80,53
DA:81,53
DA:82,53
DA:83,53
DA:84,53
DA:85,53
DA:86,31
DA:87,31
DA:88,31
DA:89,31
DA:90,31
DA:91,31
DA:92,31
DA:93,31
DA:94,31
DA:95,31
DA:96,31
DA:97,31
DA:98,31
DA:99,31
DA:100,31
DA:101,31
DA:102,31
DA:103,53
DA:105,22
DA:106,22
DA:107,22
DA:108,22
LF:84
LH:84
BRDA:20,0,0,23
BRDA:26,1,0,1
BRDA:28,2,0,22
BRDA:30,3,0,22
BRDA:39,4,0,28
BRDA:48,5,0,22
BRDA:40,6,0,3
BRDA:41,7,0,31
BRDA:49,8,0,13
BRDA:50,9,0,28
BRDA:64,10,0,5
BRDA:70,11,0,17
BRDA:77,12,0,53
BRDA:84,13,0,0
BRDA:85,14,0,0
BRDA:85,15,0,31
BRDA:87,16,0,0
BRDA:96,17,0,28
BRDA:90,18,0,44
BRDA:105,19,0,22
BRDA:106,20,0,0
BRF:21
BRH:17
end_of_record
TN:
SF:src\cascade\visualise.ts
FN:35,toSankeyData
FN:72,toCytoscapeData
FNF:2
FNH:2
FNDA:1,toSankeyData
FNDA:2,toCytoscapeData
DA:35,1
DA:36,1
DA:37,1
DA:38,1
DA:39,1
DA:40,1
DA:42,1
DA:43,1
DA:44,2
DA:45,2
DA:46,3
DA:47,3
DA:48,3
DA:49,3
DA:50,3
DA:51,3
DA:52,3
DA:53,3
DA:54,2
DA:55,2
DA:57,1
DA:58,1
DA:59,3
DA:60,3
DA:61,3
DA:62,1
DA:63,1
DA:64,2
DA:65,2
DA:66,2
DA:67,2
DA:68,2
DA:69,1
DA:70,1
DA:72,1
DA:73,2
DA:74,2
DA:75,2
DA:76,2
DA:77,2
DA:78,6
DA:79,6
DA:80,6
DA:81,6
DA:82,6
DA:83,6
DA:84,6
DA:85,3
DA:86,6
DA:87,6
DA:88,6
DA:89,2
DA:90,4
DA:91,4
DA:92,2
DA:93,2
DA:94,4
DA:95,4
DA:96,4
DA:97,4
DA:98,4
DA:99,4
DA:100,4
DA:101,4
DA:102,4
DA:103,4
DA:104,2
DA:105,2
LF:68
LH:68
BRDA:35,0,0,1
BRDA:43,1,0,2
BRDA:45,2,0,3
BRDA:50,3,0,2
BRDA:51,4,0,0
BRDA:52,5,0,2
BRDA:52,6,0,2
BRDA:58,7,0,3
BRDA:60,8,0,0
BRDA:63,9,0,2
BRDA:72,10,0,2
BRDA:77,11,0,6
BRDA:84,12,0,3
BRDA:85,13,0,2
BRDA:89,14,0,4
BRDA:91,15,0,2
BRDA:92,16,0,1
BRDA:92,17,0,2
BRF:18
BRH:16
end_of_record
TN:
SF:src\confidence\explain.ts
FN:9,explainConfidence
FN:26,pickDriver
FN:41,pickSupport
FNF:3
FNH:3
FNDA:4,explainConfidence
FNDA:4,pickDriver
FNDA:4,pickSupport
DA:9,1
DA:10,4
DA:11,4
DA:12,4
DA:13,1
DA:14,3
DA:15,2
DA:16,1
DA:17,4
DA:18,4
DA:19,4
DA:20,4
DA:21,4
DA:22,4
DA:23,4
DA:24,4
DA:26,4
DA:27,4
DA:28,4
DA:29,4
DA:30,4
DA:31,4
DA:32,4
DA:33,0
DA:34,0
DA:35,4
DA:36,4
DA:37,4
DA:38,4
DA:39,4
DA:41,4
DA:42,4
DA:43,4
DA:44,4
DA:45,4
DA:46,4
DA:47,4
DA:48,4
DA:49,4
DA:50,3
DA:51,4
DA:52,3
DA:53,3
DA:55,1
DA:56,1
DA:57,1
DA:58,1
DA:59,1
DA:60,1
DA:62,1
DA:63,1
DA:64,1
DA:65,1
DA:66,1
LF:54
LH:52
BRDA:9,0,0,4
BRDA:12,1,0,1
BRDA:13,2,0,3
BRDA:14,3,0,2
BRDA:15,4,0,1
BRDA:21,5,0,3
BRDA:23,6,0,0
BRDA:26,7,0,4
BRDA:32,8,0,0
BRDA:37,9,0,0
BRDA:35,10,0,14
BRDA:41,11,0,4
BRDA:49,12,0,1
BRDA:49,13,0,3
BRDA:51,14,0,0
BRDA:51,15,0,3
BRDA:47,16,0,12
BRF:17
BRH:13
end_of_record
TN:
SF:src\confidence\score.ts
FN:21,computeConfidence
FN:60,redistribute
FN:72,generateCaveats
FNF:3
FNH:3
FNDA:7,computeConfidence
FNDA:6,redistribute
FNDA:7,generateCaveats
DA:1,1
DA:21,1
DA:22,7
DA:23,7
DA:24,7
DA:25,7
DA:26,7
DA:28,7
DA:29,7
DA:30,7
DA:31,7
DA:33,7
DA:34,7
DA:35,7
DA:36,7
DA:37,7
DA:38,7
DA:40,7
DA:41,7
DA:42,7
DA:43,7
DA:44,7
DA:45,7
DA:46,7
DA:47,7
DA:48,7
DA:50,7
DA:51,7
DA:52,7
DA:53,7
DA:54,7
DA:55,7
DA:56,7
DA:57,7
DA:58,7
DA:60,6
DA:61,6
DA:62,6
DA:63,6
DA:64,6
DA:65,6
DA:66,6
DA:67,6
DA:68,6
DA:69,6
DA:70,6
DA:72,7
DA:79,7
DA:80,7
DA:81,7
DA:82,3
DA:83,3
DA:84,3
DA:85,3
DA:86,3
DA:87,3
DA:88,3
DA:89,3
DA:90,3
DA:91,0
DA:92,0
DA:93,3
DA:94,7
DA:95,4
DA:96,4
DA:97,4
DA:98,4
DA:99,4
DA:100,7
DA:101,0
DA:102,0
DA:103,0
DA:104,0
DA:105,0
DA:106,7
DA:107,0
DA:108,0
DA:109,0
DA:110,0
DA:111,0
DA:112,7
DA:113,7
LF:82
LH:70
BRDA:21,0,0,7
BRDA:25,1,0,0
BRDA:33,2,0,6
BRDA:33,3,0,1
BRDA:37,4,0,6
BRDA:48,5,0,3
BRDA:48,6,0,4
BRDA:48,7,0,1
BRDA:48,8,0,3
BRDA:60,9,0,6
BRDA:62,10,0,0
BRDA:72,11,0,7
BRDA:81,12,0,3
BRDA:90,13,0,0
BRDA:94,14,0,4
BRDA:100,15,0,1
BRDA:100,16,0,0
BRDA:106,17,0,0
BRDA:112,18,0,3
BRDA:112,19,0,7
BRF:20
BRH:15
end_of_record
TN:
SF:src\confidence\components\agreement.ts
FN:19,computeAgreement
FNF:1
FNH:1
FNDA:11,computeAgreement
DA:16,1
DA:17,1
DA:19,1
DA:20,11
DA:21,3
DA:22,3
DA:23,3
DA:24,3
DA:25,11
DA:26,11
DA:27,1
DA:28,0
DA:29,0
LF:13
LH:11
BRDA:19,0,0,11
BRDA:20,1,0,4
BRDA:20,2,0,9
BRDA:20,3,0,8
BRDA:20,4,0,3
BRDA:25,5,0,0
BRDA:25,6,0,3
BRDA:26,7,0,8
BRDA:26,8,0,5
BRDA:26,9,0,2
BRDA:26,10,0,1
BRDA:27,11,0,0
BRDA:21,12,0,6
BRDA:22,13,0,6
BRDA:23,14,0,6
BRF:15
BRH:13
end_of_record
TN:
SF:src\confidence\components\recency.ts
FN:13,computeRecency
FNF:1
FNH:1
FNDA:12,computeRecency
DA:13,1
DA:14,12
DA:15,12
DA:16,12
DA:17,12
DA:18,12
DA:19,12
DA:20,10
DA:21,10
DA:22,10
DA:23,12
DA:24,1
DA:25,1
DA:26,1
DA:27,4
DA:28,4
LF:16
LH:16
BRDA:13,0,0,12
BRDA:18,1,0,1
BRDA:18,2,0,11
BRDA:19,3,0,1
BRDA:19,4,0,10
BRDA:22,5,0,5
BRDA:23,6,0,8
BRDA:23,7,0,1
BRDA:26,8,0,4
BRF:9
BRH:9
end_of_record
TN:
SF:src\confidence\components\source-tier.ts
FN:11,computeSourceTier
FNF:1
FNH:1
FNDA:10,computeSourceTier
DA:1,1
DA:11,1
DA:12,10
DA:13,10
LF:4
LH:4
BRDA:11,0,0,10
BRF:1
BRH:1
end_of_record
TN:
SF:src\confidence\components\volatility.ts
FN:15,computeVolatility
FNF:1
FNH:1
FNDA:10,computeVolatility
DA:11,1
DA:12,1
DA:13,1
DA:15,1
DA:16,10
DA:17,10
DA:18,10
DA:19,4
DA:20,4
DA:21,4
DA:22,4
DA:23,10
DA:24,10
DA:25,1
DA:26,0
DA:27,0
LF:16
LH:14
BRDA:15,0,0,10
BRDA:18,1,0,8
BRDA:18,2,0,6
BRDA:18,3,0,4
BRDA:23,4,0,0
BRDA:23,5,0,4
BRDA:24,6,0,7
BRDA:24,7,0,5
BRDA:24,8,0,3
BRDA:24,9,0,1
BRDA:25,10,0,0
BRDA:17,11,0,24
BRDA:19,12,0,22
BRDA:20,13,0,22
BRDA:21,14,0,22
BRF:15
BRH:13
end_of_record
TN:
SF:src\forecast\breach.ts
FN:21,computeLinearBreach
FN:48,computeIterativeBreach
FN:67,breachCI
FNF:3
FNH:3
FNDA:18,computeLinearBreach
FNDA:10,computeIterativeBreach
FNDA:28,breachCI
DA:21,1
DA:22,18
DA:23,18
DA:24,18
DA:25,18
DA:26,18
DA:27,18
DA:28,18
DA:29,18
DA:30,18
DA:31,18
DA:32,13
DA:33,13
DA:34,13
DA:35,13
DA:36,13
DA:37,18
DA:38,18
DA:39,14
DA:40,18
DA:41,14
DA:42,14
DA:48,1
DA:49,10
DA:50,10
DA:51,10
DA:52,10
DA:53,10
DA:54,10
DA:55,1115
DA:56,1115
DA:57,7
DA:58,7
DA:59,1115
DA:60,3
DA:61,3
DA:67,1
DA:68,28
DA:69,28
DA:70,28
DA:71,28
DA:72,28
DA:73,19
DA:74,19
DA:75,19
DA:76,19
DA:77,19
DA:78,19
DA:79,19
LF:49
LH:49
BRDA:21,0,0,18
BRDA:31,1,0,13
BRDA:34,2,0,2
BRDA:35,3,0,1
BRDA:37,4,0,5
BRDA:37,5,0,13
BRDA:38,6,0,17
BRDA:38,7,0,4
BRDA:38,8,0,14
BRDA:40,9,0,0
BRDA:40,10,0,14
BRDA:48,11,0,10
BRDA:54,12,0,1115
BRDA:56,13,0,7
BRDA:59,14,0,3
BRDA:67,15,0,28
BRDA:72,16,0,21
BRDA:72,17,0,19
BRDA:72,18,0,24
BRDA:72,19,0,9
BRDA:72,20,0,19
BRF:21
BRH:20
end_of_record
TN:
SF:src\forecast\ensemble.ts
FN:26,ensembleForecast
FN:86,computeEnsembleAgreement
FN:101,median
FN:108,medianDate
FNF:4
FNH:4
FNDA:5,ensembleForecast
FNDA:8,computeEnsembleAgreement
FNDA:15,median
FNDA:4,medianDate
DA:1,1
DA:26,1
DA:27,5
DA:28,5
DA:29,5
DA:30,5
DA:31,5
DA:32,5
DA:33,5
DA:35,5
DA:36,5
DA:37,5
DA:38,5
DA:39,5
DA:41,5
DA:42,5
DA:43,5
DA:45,5
DA:46,5
DA:47,5
DA:49,5
DA:50,5
DA:51,5
DA:52,5
DA:53,5
DA:54,5
DA:55,5
DA:56,5
DA:57,4
DA:58,4
DA:59,4
DA:60,4
DA:61,1
DA:63,5
DA:64,5
DA:66,5
DA:67,5
DA:68,5
DA:69,5
DA:70,5
DA:71,5
DA:72,5
DA:73,5
DA:74,5
DA:75,5
DA:76,5
DA:77,5
DA:78,5
DA:86,1
DA:87,8
DA:88,8
DA:89,8
DA:90,8
DA:91,8
DA:92,24
DA:93,8
DA:94,8
DA:95,8
DA:96,8
DA:97,8
DA:98,8
DA:99,8
DA:101,15
DA:102,15
DA:103,15
DA:104,15
DA:105,15
DA:106,15
DA:108,4
DA:109,4
DA:110,4
DA:111,4
DA:112,4
DA:113,4
LF:74
LH:74
BRDA:26,0,0,5
BRDA:32,1,0,0
BRDA:47,2,0,4
BRDA:47,3,0,1
BRDA:56,4,0,4
BRDA:56,5,0,4
BRDA:56,6,0,4
BRDA:60,7,0,1
BRDA:41,8,0,15
BRDA:42,9,0,15
BRDA:43,10,0,15
BRDA:45,11,0,15
BRDA:46,12,0,15
BRDA:50,13,0,15
BRDA:50,14,0,12
BRDA:51,15,0,15
BRDA:53,16,0,15
BRDA:53,17,0,12
BRDA:54,18,0,15
BRDA:58,19,0,12
BRDA:59,20,0,12
BRDA:86,21,0,8
BRDA:91,22,0,24
BRDA:92,23,0,5
BRDA:92,24,0,19
BRDA:94,25,0,24
BRDA:95,26,0,24
BRDA:101,27,0,15
BRDA:104,28,0,0
BRDA:102,29,0,42
BRDA:108,30,0,4
BRDA:111,31,0,0
BRDA:109,32,0,12
BRDA:109,33,0,8
BRF:34
BRH:31
end_of_record
TN:
SF:src\forecast\leadtime.ts
FN:5,computeLeadTime
FNF:1
FNH:1
FNDA:8,computeLeadTime
DA:5,1
DA:6,8
DA:7,6
DA:8,6
DA:9,6
LF:5
LH:5
BRDA:5,0,0,8
BRDA:6,1,0,2
BRDA:6,2,0,6
BRF:3
BRH:3
end_of_record
TN:
SF:src\forecast\validate.ts
FN:24,prepareSeries
FN:45,rootMeanSquare
FN:57,hashSeries
FNF:3
FNH:3
FNDA:29,prepareSeries
FNDA:25,rootMeanSquare
FNDA:5,hashSeries
DA:1,1
DA:24,1
DA:25,29
DA:26,0
DA:27,0
DA:28,29
DA:29,433
DA:30,1
DA:31,1
DA:32,1
DA:33,1
DA:34,433
DA:35,28
DA:36,28
DA:37,28
DA:38,28
DA:39,28
DA:40,28
DA:41,28
DA:42,28
DA:45,1
DA:46,25
DA:47,25
DA:48,25
DA:49,25
DA:57,1
DA:58,5
DA:59,5
DA:60,5
DA:61,5
DA:62,5
DA:63,5
DA:64,96
DA:65,96
DA:66,3408
DA:67,3408
DA:68,3408
DA:69,3408
DA:70,3408
DA:71,96
DA:72,5
DA:73,5
LF:42
LH:40
BRDA:24,0,0,29
BRDA:25,1,0,0
BRDA:28,2,0,433
BRDA:29,3,0,1
BRDA:34,4,0,28
BRDA:35,5,0,401
BRDA:38,6,0,429
BRDA:39,7,0,429
BRDA:45,8,0,25
BRDA:46,9,0,0
BRDA:47,10,0,411
BRDA:57,11,0,5
BRDA:63,12,0,96
BRDA:65,13,0,3408
BRDA:59,14,0,91
BRDA:59,15,0,0
BRF:16
BRH:13
end_of_record
TN:
SF:src\forecast\methods\ar1.ts
FN:24,forecastAr1
FN:77,project
FNF:2
FNH:2
FNDA:10,forecastAr1
FNDA:1131,project
DA:1,1
DA:22,1
DA:24,1
DA:25,10
DA:26,10
DA:27,10
DA:28,10
DA:29,10
DA:30,10
DA:31,10
DA:32,10
DA:34,10
DA:35,1
DA:36,1
DA:37,1
DA:38,1
DA:39,1
DA:40,1
DA:41,1
DA:42,1
DA:43,1
DA:44,1
DA:45,1
DA:46,1
DA:47,1
DA:48,1
DA:49,1
DA:51,9
DA:52,9
DA:53,9
DA:54,9
DA:55,9
DA:56,10
DA:57,159
DA:58,159
DA:59,10
DA:60,168
DA:61,168
DA:62,10
DA:63,10
DA:64,10
DA:65,0
DA:66,0
DA:67,0
DA:68,9
DA:69,10
DA:70,10
DA:71,10
DA:72,159
DA:73,159
DA:74,159
DA:75,9
DA:77,9
DA:78,1131
DA:79,1131
DA:80,1131
DA:82,9
DA:83,10
DA:84,10
DA:85,10
DA:86,10
DA:87,10
DA:88,10
DA:89,10
DA:90,10
DA:91,10
DA:92,10
DA:93,10
DA:94,10
DA:95,10
DA:96,10
DA:97,10
DA:98,10
DA:99,10
DA:100,10
DA:101,10
DA:102,10
LF:77
LH:74
BRDA:24,0,0,10
BRDA:31,1,0,0
BRDA:34,2,0,1
BRDA:43,3,0,0
BRDA:49,4,0,9
BRDA:56,5,0,159
BRDA:58,6,0,9
BRDA:59,7,0,168
BRDA:61,8,0,9
BRDA:62,9,0,2
BRDA:62,10,0,7
BRDA:64,11,0,9
BRDA:64,12,0,0
BRDA:67,13,0,9
BRDA:69,14,0,0
BRDA:69,15,0,9
BRDA:71,16,0,159
BRDA:72,17,0,0
BRDA:74,18,0,9
BRDA:83,19,0,5
BRDA:83,20,0,4
BRDA:97,21,0,5
BRDA:97,22,0,4
BRDA:52,23,0,168
BRDA:53,24,0,168
BRDA:77,25,0,1131
BRDA:78,26,0,0
BRF:27
BRH:21
end_of_record
TN:
SF:src\forecast\methods\ewma.ts
FN:29,forecastEwma
FN:75,projectAt
FN:91,clamp
FNF:3
FNH:3
FNDA:8,forecastEwma
FNDA:21,projectAt
FNDA:16,clamp
DA:1,1
DA:26,1
DA:27,1
DA:29,1
DA:30,8
DA:31,8
DA:32,8
DA:33,8
DA:34,8
DA:35,8
DA:36,8
DA:37,8
DA:38,8
DA:39,8
DA:41,8
DA:42,1
DA:43,1
DA:44,1
DA:45,1
DA:46,1
DA:47,1
DA:48,1
DA:49,1
DA:50,1
DA:51,1
DA:52,1
DA:53,1
DA:54,1
DA:55,1
DA:56,1
DA:58,7
DA:59,8
DA:60,8
DA:61,8
DA:62,109
DA:63,109
DA:64,109
DA:65,109
DA:66,109
DA:67,109
DA:68,109
DA:69,109
DA:70,7
DA:71,7
DA:73,7
DA:74,7
DA:75,7
DA:76,7
DA:77,8
DA:78,8
DA:79,8
DA:80,8
DA:81,8
DA:82,8
DA:83,8
DA:84,8
DA:85,8
DA:86,8
DA:87,8
DA:88,8
DA:89,8
DA:91,16
DA:92,16
DA:93,16
LF:64
LH:64
BRDA:29,0,0,8
BRDA:34,1,0,7
BRDA:35,2,0,7
BRDA:38,3,0,0
BRDA:41,4,0,1
BRDA:50,5,0,0
BRDA:56,6,0,7
BRDA:59,7,0,0
BRDA:61,8,0,109
BRDA:69,9,0,7
BRDA:77,10,0,6
BRDA:77,11,0,1
BRDA:70,12,0,116
BRDA:75,13,0,21
BRDA:91,14,0,16
BRF:15
BRH:12
end_of_record
TN:
SF:src\forecast\methods\linear.ts
FN:21,forecastLinear
FN:62,projectedAt
FN:82,degraded
FNF:3
FNH:3
FNDA:11,forecastLinear
FNDA:27,projectedAt
FNDA:1,degraded
DA:1,1
DA:19,1
DA:21,1
DA:22,11
DA:23,11
DA:24,11
DA:25,11
DA:26,11
DA:27,11
DA:28,11
DA:29,11
DA:31,11
DA:32,1
DA:33,1
DA:35,9
DA:36,9
DA:37,9
DA:38,9
DA:39,9
DA:40,11
DA:41,136
DA:42,136
DA:43,136
DA:44,136
DA:45,11
DA:46,0
DA:47,0
DA:48,0
DA:49,0
DA:50,0
DA:51,0
DA:52,0
DA:53,0
DA:54,0
DA:55,0
DA:56,0
DA:57,0
DA:58,9
DA:59,9
DA:60,9
DA:61,9
DA:62,9
DA:63,9
DA:64,9
DA:65,9
DA:66,9
DA:67,11
DA:68,11
DA:69,11
DA:70,11
DA:71,11
DA:72,11
DA:73,11
DA:74,11
DA:75,11
DA:76,11
DA:77,11
DA:78,11
DA:79,11
DA:80,11
DA:82,1
DA:83,1
DA:84,1
DA:85,1
DA:86,1
DA:87,1
DA:88,1
DA:89,1
DA:90,1
DA:91,1
DA:92,1
DA:93,1
DA:94,1
DA:95,1
DA:96,1
DA:97,1
DA:98,1
DA:99,1
DA:100,1
DA:101,1
LF:80
LH:68
BRDA:21,0,0,11
BRDA:28,1,0,0
BRDA:31,2,0,1
BRDA:33,3,0,9
BRDA:40,4,0,136
BRDA:44,5,0,9
BRDA:45,6,0,0
BRDA:57,7,0,9
BRDA:67,8,0,0
BRDA:68,9,0,6
BRDA:68,10,0,3
BRDA:36,11,0,136
BRDA:37,12,0,136
BRDA:60,13,0,136
BRDA:62,14,0,27
BRDA:82,15,0,1
BRDA:95,16,0,0
BRF:17
BRH:13
end_of_record
